<?xml version="1.0" encoding="UTF-8"?>
<!-- Generated by org.testng.reporters.JUnitXMLReporter -->
<testsuite hostname="MusabayTechCorp" ignored="0" name="Command line test" tests="2" failures="1" timestamp="13 Jan 2018 20:22:27 GMT" time="9.617" errors="0">
  <testcase name="Test1" time="6.666" classname="com.automation.tests.TestCommandline"/>
  <testcase name="Test2" time="2.926" classname="com.automation.tests.TestCommandline">
    <failure type="java.lang.AssertionError" message="expected [aaaa] but found [Google]">
      <![CDATA[java.lang.AssertionError: expected [aaaa] but found [Google]
	at com.automation.tests.TestCommandline.Test2(TestCommandline.java:29)
... Removed 40 stack frames]]>
    </failure>
  </testcase> <!-- Test2 -->
</testsuite> <!-- Command line test -->
